run=seed_1729_source_removed_e4_source_removed arm=E4_SOURCE_REMOVED device=cuda:0 dtype=float64 parameters=301 max_steps=2000
step=20 train_mse=0.142770181942 penalty_total=0.00190883495771 validation_clean_nrmse=0.864032957179 selected=True
step=40 train_mse=0.104512956985 penalty_total=0.00202016859937 validation_clean_nrmse=0.742052154911 selected=True
step=60 train_mse=0.0878878491644 penalty_total=0.0021553055621 validation_clean_nrmse=0.672311383669 selected=True
step=80 train_mse=0.0780617376189 penalty_total=0.0022397219735 validation_clean_nrmse=0.649065518847 selected=True
step=100 train_mse=0.074016799293 penalty_total=0.00226636814292 validation_clean_nrmse=0.640096500741 selected=True
step=120 train_mse=0.0782232351924 penalty_total=0.00225389372909 validation_clean_nrmse=0.637652729479 selected=False
step=140 train_mse=0.0769586404692 penalty_total=0.00222506531618 validation_clean_nrmse=0.634614186724 selected=True
step=160 train_mse=0.0724061953461 penalty_total=0.00222172071681 validation_clean_nrmse=0.633696585244 selected=False
step=180 train_mse=0.0712046735591 penalty_total=0.00219941869804 validation_clean_nrmse=0.633286436516 selected=False
step=200 train_mse=0.070961135491 penalty_total=0.00218466823253 validation_clean_nrmse=0.632684610737 selected=False
step=220 train_mse=0.0764803060169 penalty_total=0.00217465261785 validation_clean_nrmse=0.632390417559 selected=False
step=240 train_mse=0.0717216568815 penalty_total=0.00216253647004 validation_clean_nrmse=0.632058974641 selected=False
step=260 train_mse=0.0733410225497 penalty_total=0.00215352035344 validation_clean_nrmse=0.631969746138 selected=False
step=280 train_mse=0.0724215439733 penalty_total=0.0021197752511 validation_clean_nrmse=0.632213715607 selected=False
step=300 train_mse=0.0753898323489 penalty_total=0.00211194940462 validation_clean_nrmse=0.631842315883 selected=False
step=320 train_mse=0.073058215526 penalty_total=0.00209107853694 validation_clean_nrmse=0.631910412547 selected=False
step=340 train_mse=0.0759579951471 penalty_total=0.00206379828915 validation_clean_nrmse=0.631930710094 selected=False
step=360 train_mse=0.0757912325944 penalty_total=0.00204435814336 validation_clean_nrmse=0.631800584617 selected=False
step=380 train_mse=0.0729965914646 penalty_total=0.00202841569701 validation_clean_nrmse=0.632269236989 selected=False
step=400 train_mse=0.0760851787597 penalty_total=0.00199944036753 validation_clean_nrmse=0.632018660546 selected=False
step=420 train_mse=0.0736690630655 penalty_total=0.00198155213381 validation_clean_nrmse=0.632029766238 selected=False
step=440 train_mse=0.0754581898699 penalty_total=0.00194554180551 validation_clean_nrmse=0.632638557922 selected=False
step=460 train_mse=0.069269488518 penalty_total=0.00192918318947 validation_clean_nrmse=0.632230324528 selected=False
step=480 train_mse=0.073226305074 penalty_total=0.00189800990791 validation_clean_nrmse=0.632227194621 selected=False
step=500 train_mse=0.0764966970267 penalty_total=0.00187432170943 validation_clean_nrmse=0.632318790102 selected=False
step=520 train_mse=0.0712103682571 penalty_total=0.00184154757806 validation_clean_nrmse=0.631996898117 selected=False
step=540 train_mse=0.0755874360304 penalty_total=0.00180213928003 validation_clean_nrmse=0.632622454982 selected=False
step=560 train_mse=0.0775016911953 penalty_total=0.00178302545783 validation_clean_nrmse=0.633084917678 selected=False
step=580 train_mse=0.0721342669699 penalty_total=0.00173846714865 validation_clean_nrmse=0.632188740677 selected=False
step=600 train_mse=0.0753949772811 penalty_total=0.0017097597526 validation_clean_nrmse=0.632264280091 selected=False
step=620 train_mse=0.0775427278839 penalty_total=0.00167031966303 validation_clean_nrmse=0.632505028704 selected=False
step=640 train_mse=0.0761374044176 penalty_total=0.00164184902593 validation_clean_nrmse=0.632419078563 selected=False
step=660 train_mse=0.0744987938319 penalty_total=0.00160147207735 validation_clean_nrmse=0.63222281149 selected=False
step=680 train_mse=0.0732371793977 penalty_total=0.00157218101572 validation_clean_nrmse=0.632513768537 selected=False
step=700 train_mse=0.0725548743604 penalty_total=0.00153101813976 validation_clean_nrmse=0.632291169666 selected=False
step=720 train_mse=0.0753103565865 penalty_total=0.0014959619258 validation_clean_nrmse=0.632327510166 selected=False
step=740 train_mse=0.0714907634164 penalty_total=0.00146162716581 validation_clean_nrmse=0.633181921425 selected=False
step=760 train_mse=0.0764232025057 penalty_total=0.00142941154812 validation_clean_nrmse=0.632358417621 selected=False
step=780 train_mse=0.0713220361767 penalty_total=0.00139509149335 validation_clean_nrmse=0.632145793319 selected=False
step=800 train_mse=0.0729390410234 penalty_total=0.00136824538575 validation_clean_nrmse=0.632299450162 selected=False
step=820 train_mse=0.0738563956272 penalty_total=0.00133623588449 validation_clean_nrmse=0.632339319097 selected=False
step=840 train_mse=0.0722848100027 penalty_total=0.00130591704676 validation_clean_nrmse=0.632310828351 selected=False
step=860 train_mse=0.0731141621328 penalty_total=0.00127138859897 validation_clean_nrmse=0.633020622227 selected=False
step=880 train_mse=0.0729196608836 penalty_total=0.00124232821805 validation_clean_nrmse=0.632523182982 selected=False
step=900 train_mse=0.0756842935779 penalty_total=0.0012097553958 validation_clean_nrmse=0.633372965697 selected=False
step=920 train_mse=0.0718099321647 penalty_total=0.00118057868162 validation_clean_nrmse=0.632337794585 selected=False
step=940 train_mse=0.0720839365234 penalty_total=0.00115188649954 validation_clean_nrmse=0.632332556898 selected=False
step=960 train_mse=0.073752651624 penalty_total=0.00112467804127 validation_clean_nrmse=0.632146356309 selected=False
step=980 train_mse=0.079195179968 penalty_total=0.00108478356017 validation_clean_nrmse=0.632168546182 selected=False
step=1000 train_mse=0.0764202538628 penalty_total=0.00105684822822 validation_clean_nrmse=0.632417719992 selected=False
step=1020 train_mse=0.0731247549196 penalty_total=0.00102467959684 validation_clean_nrmse=0.633265570112 selected=False
step=1040 train_mse=0.0730556862512 penalty_total=0.000997943145078 validation_clean_nrmse=0.632264288034 selected=False
step=1060 train_mse=0.0725190836823 penalty_total=0.000967069919527 validation_clean_nrmse=0.632312497502 selected=False
step=1080 train_mse=0.0703818905387 penalty_total=0.000937231171284 validation_clean_nrmse=0.632024875167 selected=False
step=1100 train_mse=0.0741660956067 penalty_total=0.000913268139632 validation_clean_nrmse=0.631946455083 selected=False
step=1120 train_mse=0.0719866507272 penalty_total=0.000886029346382 validation_clean_nrmse=0.632360110625 selected=False
step=1140 train_mse=0.0769349826595 penalty_total=0.000859892166849 validation_clean_nrmse=0.632149418171 selected=False
step=1160 train_mse=0.0727457776126 penalty_total=0.000837435615008 validation_clean_nrmse=0.631995961559 selected=False
step=1180 train_mse=0.0757049990976 penalty_total=0.000801487118724 validation_clean_nrmse=0.631946341775 selected=False
step=1200 train_mse=0.0688800087809 penalty_total=0.000773006450824 validation_clean_nrmse=0.632336502635 selected=False
step=1220 train_mse=0.0743133963903 penalty_total=0.000751098185623 validation_clean_nrmse=0.632352209543 selected=False
step=1240 train_mse=0.0776428718471 penalty_total=0.000727370965315 validation_clean_nrmse=0.632280089702 selected=False
step=1260 train_mse=0.0717507992948 penalty_total=0.000702717114525 validation_clean_nrmse=0.631685348452 selected=False
step=1280 train_mse=0.0752781303871 penalty_total=0.000683932508662 validation_clean_nrmse=0.631895497641 selected=False
step=1300 train_mse=0.0782888474961 penalty_total=0.000663655653425 validation_clean_nrmse=0.632583637662 selected=False
step=1320 train_mse=0.0741451742878 penalty_total=0.000635307432014 validation_clean_nrmse=0.632046137366 selected=False
step=1340 train_mse=0.0744294816948 penalty_total=0.000611922501392 validation_clean_nrmse=0.632023773601 selected=False
step=1360 train_mse=0.0756914562798 penalty_total=0.000588044187756 validation_clean_nrmse=0.632127383159 selected=False
step=1380 train_mse=0.0743265372288 penalty_total=0.00056857151605 validation_clean_nrmse=0.632731870162 selected=False
step=1400 train_mse=0.0736459402169 penalty_total=0.000557465383319 validation_clean_nrmse=0.632175217767 selected=False
step=1420 train_mse=0.0747018455686 penalty_total=0.000538975598362 validation_clean_nrmse=0.63217348366 selected=False
step=1440 train_mse=0.0744264857142 penalty_total=0.000516546102287 validation_clean_nrmse=0.633323318326 selected=False
step=1460 train_mse=0.0794272241758 penalty_total=0.000491379601584 validation_clean_nrmse=0.632366966325 selected=False
step=1480 train_mse=0.0752044547501 penalty_total=0.000478499069638 validation_clean_nrmse=0.631865412333 selected=False
step=1500 train_mse=0.0731301117971 penalty_total=0.000461149451658 validation_clean_nrmse=0.632141894813 selected=False
step=1520 train_mse=0.0726572357466 penalty_total=0.000442348862841 validation_clean_nrmse=0.632092210497 selected=False
step=1540 train_mse=0.0747627648776 penalty_total=0.000420019920453 validation_clean_nrmse=0.632425796898 selected=False
step=1560 train_mse=0.0724059331815 penalty_total=0.000403247212008 validation_clean_nrmse=0.632250250573 selected=False
step=1580 train_mse=0.0766609251642 penalty_total=0.000375931720349 validation_clean_nrmse=0.632678089946 selected=False
step=1600 train_mse=0.0770581407934 penalty_total=0.000358543466272 validation_clean_nrmse=0.632178907534 selected=False
step=1620 train_mse=0.0742591687606 penalty_total=0.000336438481885 validation_clean_nrmse=0.63244453097 selected=False
step=1640 train_mse=0.0740136938512 penalty_total=0.000321652413229 validation_clean_nrmse=0.632491829131 selected=False
step=1660 train_mse=0.0746407972232 penalty_total=0.000297478452941 validation_clean_nrmse=0.632196643718 selected=False
step=1680 train_mse=0.0730098194978 penalty_total=0.000278015600125 validation_clean_nrmse=0.632124529358 selected=False
step=1700 train_mse=0.0723548218691 penalty_total=0.000267536156947 validation_clean_nrmse=0.63232724008 selected=False
step=1720 train_mse=0.073379643668 penalty_total=0.000248018746962 validation_clean_nrmse=0.632417741826 selected=False
step=1740 train_mse=0.0759384450305 penalty_total=0.000233688078883 validation_clean_nrmse=0.632670002839 selected=False
step=1760 train_mse=0.0729765377729 penalty_total=0.000209793753869 validation_clean_nrmse=0.632756410058 selected=False
step=1780 train_mse=0.0738006368019 penalty_total=0.000199000269239 validation_clean_nrmse=0.632249634498 selected=False
step=1800 train_mse=0.0734136479277 penalty_total=0.000188957076489 validation_clean_nrmse=0.632257342796 selected=False
step=1820 train_mse=0.0737014045871 penalty_total=0.00019144752423 validation_clean_nrmse=0.632265961095 selected=False
step=1840 train_mse=0.0720344678958 penalty_total=0.000186976909447 validation_clean_nrmse=0.632554301951 selected=False
step=1860 train_mse=0.0748497288836 penalty_total=0.000151326590938 validation_clean_nrmse=0.632510621552 selected=False
step=1880 train_mse=0.0730276547506 penalty_total=0.000137888631727 validation_clean_nrmse=0.632427635726 selected=False
step=1900 train_mse=0.0712800151934 penalty_total=0.000135716840147 validation_clean_nrmse=0.632543279783 selected=False
step=1920 train_mse=0.076388206944 penalty_total=0.000118924163637 validation_clean_nrmse=0.632797875335 selected=False
step=1940 train_mse=0.0745699754241 penalty_total=0.000114069501083 validation_clean_nrmse=0.633028374646 selected=False
step=1960 train_mse=0.0767376684759 penalty_total=9.92916369132e-05 validation_clean_nrmse=0.633325036302 selected=False
step=1980 train_mse=0.0734348047139 penalty_total=9.61012612193e-05 validation_clean_nrmse=0.632860236972 selected=False
step=2000 train_mse=0.0741045901584 penalty_total=9.34432567612e-05 validation_clean_nrmse=0.632890004728 selected=False
selected_step=140 selected_validation_clean_nrmse=0.634614186724 manifest=/zju_0012/htq/aaai26_alpha/aaai27_evosci/artifacts/s1_gate_a_scientific/s1_gate_a_v1_scientific_formal_v1/manifests/E4_SOURCE_REMOVED/seed_1729_source_removed_e4_source_removed/manifest.json
