run=seed_31415_null_e4_null arm=E4_NULL device=cuda:0 dtype=float64 parameters=361 max_steps=2000
step=20 train_mse=0.187911068846 penalty_total=0.00187216138006 validation_clean_nrmse=1.00341252111 selected=True
step=40 train_mse=0.187188124442 penalty_total=0.00186836806816 validation_clean_nrmse=1.00430509413 selected=False
step=60 train_mse=0.184331240658 penalty_total=0.0018647323207 validation_clean_nrmse=1.00386007316 selected=False
step=80 train_mse=0.1905857856 penalty_total=0.00186564893242 validation_clean_nrmse=1.0019184052 selected=False
step=100 train_mse=0.184921446477 penalty_total=0.00189828992004 validation_clean_nrmse=1.00407159541 selected=False
step=120 train_mse=0.190909657257 penalty_total=0.00190747658172 validation_clean_nrmse=1.00370935562 selected=False
step=140 train_mse=0.186326458245 penalty_total=0.0019297438493 validation_clean_nrmse=1.00553288021 selected=False
step=160 train_mse=0.18870638668 penalty_total=0.00191733119283 validation_clean_nrmse=1.00536898268 selected=False
step=180 train_mse=0.183820271932 penalty_total=0.00197063429138 validation_clean_nrmse=1.00423509772 selected=False
step=200 train_mse=0.188087785694 penalty_total=0.00193279110127 validation_clean_nrmse=1.00377703791 selected=False
step=220 train_mse=0.184282271903 penalty_total=0.00192659623067 validation_clean_nrmse=1.00472743142 selected=False
step=240 train_mse=0.184904041312 penalty_total=0.00193351492482 validation_clean_nrmse=1.00602978814 selected=False
step=260 train_mse=0.183054668962 penalty_total=0.00196482845271 validation_clean_nrmse=1.00171258921 selected=False
step=280 train_mse=0.184530464977 penalty_total=0.00193149888276 validation_clean_nrmse=1.00756396272 selected=False
step=300 train_mse=0.18561291083 penalty_total=0.00191593349438 validation_clean_nrmse=1.00351680574 selected=False
step=320 train_mse=0.190340054525 penalty_total=0.00190293569684 validation_clean_nrmse=1.00481222991 selected=False
step=340 train_mse=0.184510516671 penalty_total=0.00191692371894 validation_clean_nrmse=1.00157850235 selected=False
step=360 train_mse=0.183052144842 penalty_total=0.00188832626076 validation_clean_nrmse=1.00454116776 selected=False
step=380 train_mse=0.182162379633 penalty_total=0.00187162023407 validation_clean_nrmse=1.00602851498 selected=False
step=400 train_mse=0.18526448585 penalty_total=0.00187396060593 validation_clean_nrmse=1.00433956099 selected=False
step=420 train_mse=0.185494240299 penalty_total=0.0018884805576 validation_clean_nrmse=1.00416562612 selected=False
step=440 train_mse=0.181497728104 penalty_total=0.00186722319154 validation_clean_nrmse=1.00726688731 selected=False
step=460 train_mse=0.181720016907 penalty_total=0.00183581302881 validation_clean_nrmse=1.00489412543 selected=False
step=480 train_mse=0.189291921451 penalty_total=0.0018448119641 validation_clean_nrmse=1.00207319024 selected=False
step=500 train_mse=0.186114842387 penalty_total=0.00182075467108 validation_clean_nrmse=1.00847200257 selected=False
step=520 train_mse=0.181791571415 penalty_total=0.00178305187063 validation_clean_nrmse=1.00606596003 selected=False
step=540 train_mse=0.185584623519 penalty_total=0.00176935668676 validation_clean_nrmse=1.00469993029 selected=False
step=560 train_mse=0.18433494119 penalty_total=0.0017594656893 validation_clean_nrmse=1.00605103539 selected=False
step=580 train_mse=0.184118429906 penalty_total=0.00174408660196 validation_clean_nrmse=1.00354092282 selected=False
step=600 train_mse=0.186174911395 penalty_total=0.00171449131427 validation_clean_nrmse=1.00494747845 selected=False
step=620 train_mse=0.183672226697 penalty_total=0.00168601511182 validation_clean_nrmse=1.00539687125 selected=False
step=640 train_mse=0.179498300706 penalty_total=0.00167950840389 validation_clean_nrmse=1.00717245315 selected=False
step=660 train_mse=0.190285711144 penalty_total=0.00165874741283 validation_clean_nrmse=1.00501027912 selected=False
step=680 train_mse=0.181734148098 penalty_total=0.00164452268489 validation_clean_nrmse=1.00443306481 selected=False
step=700 train_mse=0.178232067128 penalty_total=0.00162619713065 validation_clean_nrmse=1.00615639897 selected=False
step=720 train_mse=0.1885863303 penalty_total=0.00158776646254 validation_clean_nrmse=1.00292503919 selected=False
step=740 train_mse=0.175468770082 penalty_total=0.00155609170605 validation_clean_nrmse=1.00489789245 selected=False
step=760 train_mse=0.183227083878 penalty_total=0.00154356822744 validation_clean_nrmse=1.00567098705 selected=False
step=780 train_mse=0.190818808927 penalty_total=0.00151205528698 validation_clean_nrmse=1.0063924339 selected=False
step=800 train_mse=0.180212693728 penalty_total=0.00148370815916 validation_clean_nrmse=1.0072168037 selected=False
step=820 train_mse=0.178479852549 penalty_total=0.00145850951603 validation_clean_nrmse=1.0060281189 selected=False
step=840 train_mse=0.179644699801 penalty_total=0.00141864964215 validation_clean_nrmse=1.00738156559 selected=False
step=860 train_mse=0.182636407752 penalty_total=0.00140186059483 validation_clean_nrmse=1.00340348084 selected=False
step=880 train_mse=0.18299160929 penalty_total=0.00138315043549 validation_clean_nrmse=1.00738642976 selected=False
step=900 train_mse=0.180043854779 penalty_total=0.0013632831267 validation_clean_nrmse=1.00309032916 selected=False
step=920 train_mse=0.188825356821 penalty_total=0.00130452374205 validation_clean_nrmse=1.00428971081 selected=False
step=940 train_mse=0.179704269195 penalty_total=0.00127961383223 validation_clean_nrmse=1.00705480668 selected=False
step=960 train_mse=0.185497405773 penalty_total=0.00124113544128 validation_clean_nrmse=1.00457337072 selected=False
step=980 train_mse=0.189596771553 penalty_total=0.00122087867873 validation_clean_nrmse=1.00499635619 selected=False
step=1000 train_mse=0.187959508317 penalty_total=0.00120910153546 validation_clean_nrmse=1.00602979219 selected=False
step=1020 train_mse=0.181088081534 penalty_total=0.00118650362681 validation_clean_nrmse=1.00590804772 selected=False
step=1040 train_mse=0.187010913763 penalty_total=0.0011507516484 validation_clean_nrmse=1.00418563558 selected=False
step=1060 train_mse=0.182694581017 penalty_total=0.00112327234514 validation_clean_nrmse=1.00741648059 selected=False
step=1080 train_mse=0.183774268778 penalty_total=0.00108056929245 validation_clean_nrmse=1.00809222068 selected=False
step=1100 train_mse=0.187259428108 penalty_total=0.00103512941147 validation_clean_nrmse=1.00727039067 selected=False
step=1120 train_mse=0.183181015192 penalty_total=0.00100194496151 validation_clean_nrmse=1.00659530339 selected=False
step=1140 train_mse=0.19141453829 penalty_total=0.000946734671567 validation_clean_nrmse=1.0079604951 selected=False
step=1160 train_mse=0.181281258232 penalty_total=0.000910375511977 validation_clean_nrmse=1.00997116268 selected=False
step=1180 train_mse=0.178553952164 penalty_total=0.000875094514605 validation_clean_nrmse=1.00602508972 selected=False
step=1200 train_mse=0.186701781503 penalty_total=0.000833795032751 validation_clean_nrmse=1.00981059714 selected=False
step=1220 train_mse=0.179301273545 penalty_total=0.000794760613292 validation_clean_nrmse=1.00484701073 selected=False
step=1240 train_mse=0.187524779952 penalty_total=0.000744347427975 validation_clean_nrmse=1.00810367841 selected=False
step=1260 train_mse=0.187345992803 penalty_total=0.000711685137813 validation_clean_nrmse=1.00572215093 selected=False
step=1280 train_mse=0.182507501834 penalty_total=0.000670694957671 validation_clean_nrmse=1.00855004747 selected=False
step=1300 train_mse=0.180872307212 penalty_total=0.000621078337963 validation_clean_nrmse=1.0063786682 selected=False
step=1320 train_mse=0.183173065229 penalty_total=0.00060769715036 validation_clean_nrmse=1.0092550623 selected=False
step=1340 train_mse=0.183381926766 penalty_total=0.000548408893303 validation_clean_nrmse=1.00968399443 selected=False
step=1360 train_mse=0.181159107239 penalty_total=0.000537740550482 validation_clean_nrmse=1.00738995705 selected=False
step=1380 train_mse=0.17728191685 penalty_total=0.000486585510219 validation_clean_nrmse=1.00559587702 selected=False
step=1400 train_mse=0.180153873153 penalty_total=0.00044175140516 validation_clean_nrmse=1.00492297047 selected=False
step=1420 train_mse=0.185866567776 penalty_total=0.000401065557211 validation_clean_nrmse=1.00858491936 selected=False
step=1440 train_mse=0.184775543484 penalty_total=0.000371078897161 validation_clean_nrmse=1.0070016792 selected=False
step=1460 train_mse=0.186410894134 penalty_total=0.000346911165007 validation_clean_nrmse=1.00774462341 selected=False
step=1480 train_mse=0.179707119396 penalty_total=0.000340924382095 validation_clean_nrmse=1.01015588181 selected=False
step=1500 train_mse=0.181186563481 penalty_total=0.00028370559884 validation_clean_nrmse=1.00697826388 selected=False
step=1520 train_mse=0.178283933655 penalty_total=0.000265229992886 validation_clean_nrmse=1.00573570384 selected=False
step=1540 train_mse=0.183079158467 penalty_total=0.000237879332621 validation_clean_nrmse=1.00538970169 selected=False
step=1560 train_mse=0.185525778985 penalty_total=0.000236524533133 validation_clean_nrmse=1.00932740428 selected=False
step=1580 train_mse=0.189476237445 penalty_total=0.000212727744736 validation_clean_nrmse=1.00607144783 selected=False
step=1600 train_mse=0.183023769213 penalty_total=0.000172860292352 validation_clean_nrmse=1.00708595579 selected=False
step=1620 train_mse=0.185731175244 penalty_total=0.000151576858993 validation_clean_nrmse=1.00931798557 selected=False
step=1640 train_mse=0.177186271928 penalty_total=0.000149502978406 validation_clean_nrmse=1.00687441631 selected=False
step=1660 train_mse=0.186131800283 penalty_total=0.000123212871059 validation_clean_nrmse=1.00689649621 selected=False
step=1680 train_mse=0.179333093581 penalty_total=0.000128166381745 validation_clean_nrmse=1.00635781961 selected=False
step=1700 train_mse=0.182792045599 penalty_total=0.000122252167567 validation_clean_nrmse=1.00741931912 selected=False
step=1720 train_mse=0.187582498416 penalty_total=0.000127559283352 validation_clean_nrmse=1.00685700872 selected=False
step=1740 train_mse=0.183130257466 penalty_total=0.000115854012572 validation_clean_nrmse=1.00517206506 selected=False
step=1760 train_mse=0.177159758908 penalty_total=9.32142176953e-05 validation_clean_nrmse=1.00653566483 selected=False
step=1780 train_mse=0.186103228089 penalty_total=0.000112304748343 validation_clean_nrmse=1.00696270834 selected=False
step=1800 train_mse=0.172765568624 penalty_total=0.000123150136206 validation_clean_nrmse=1.01082095531 selected=False
step=1820 train_mse=0.188397626537 penalty_total=9.96222628999e-05 validation_clean_nrmse=1.00498249949 selected=False
step=1840 train_mse=0.179066834123 penalty_total=0.000108114708331 validation_clean_nrmse=1.0095443665 selected=False
step=1860 train_mse=0.184807812585 penalty_total=0.000119723034671 validation_clean_nrmse=1.00694750383 selected=False
step=1880 train_mse=0.183137150699 penalty_total=7.95167998902e-05 validation_clean_nrmse=1.01266706779 selected=False
step=1900 train_mse=0.180903010272 penalty_total=0.000103847425637 validation_clean_nrmse=1.00426864629 selected=False
step=1920 train_mse=0.185117516168 penalty_total=8.16564597406e-05 validation_clean_nrmse=1.01315705402 selected=False
step=1940 train_mse=0.184844434016 penalty_total=8.06754245811e-05 validation_clean_nrmse=1.00941850869 selected=False
step=1960 train_mse=0.182231868068 penalty_total=0.000120447144506 validation_clean_nrmse=1.00508890376 selected=False
step=1980 train_mse=0.181714603902 penalty_total=0.000110390841094 validation_clean_nrmse=1.01220883168 selected=False
step=2000 train_mse=0.18691438845 penalty_total=8.28776751026e-05 validation_clean_nrmse=1.00506542596 selected=False
selected_step=20 selected_validation_clean_nrmse=1.00341252111 manifest=/zju_0012/htq/aaai26_alpha/aaai27_evosci/artifacts/s1_gate_a_scientific/s1_gate_a_v1_scientific_formal_v1/manifests/E4_NULL/seed_31415_null_e4_null/manifest.json
